2021-04-16,8778
2021-04-16,8778
2021-04-16,8778
2021-04-16,8778
2021-04-18,0
2021-04-18,0
2021-04-18,0
2021-04-18,0
2021-04-18,0
2021-04-18,0
2021-04-18,0
2021-04-18,2075
2021-04-20,5842
2021-04-20,8481
2021-04-20,5842
2021-04-20,8481
2021-04-20,5842
2021-04-20,8481
2021-04-20,5842
2021-04-20,8481
2021-04-20,5842
2021-04-20,8481
2021-04-20,5842
2021-04-20,8481
2021-04-20,5842
2021-04-20,8481
2021-04-20,5842
2021-04-20,8481
2021-04-20,5842
2021-04-20,8481
2021-04-20,5842
2021-04-20,8481
2021-04-20,5842
2021-04-20,8481
2021-04-20,5842
2021-04-20,8481
2021-04-20,5842
2021-04-20,8481
2021-04-20,5842
2021-04-20,8481
2021-04-20,5842
2021-04-20,8481
2021-04-20,5842
2021-04-20,8481
2021-04-20,5842
2021-04-20,8481
2021-04-20,5842
2021-04-20,8481
2021-04-20,5842
2021-04-20,8481
2021-04-20,5842
2021-04-20,8481
2021-04-20,5842
2021-04-20,8481
2021-04-20,5842
2021-04-20,8481
2021-04-20,5842
2021-04-20,8481
2021-04-20,5842
2021-04-20,8481
2021-04-20,5842
2021-04-20,8481
2021-04-20,5842
2021-04-20,8481
2021-04-20,5842
2021-04-20,8481
2021-04-20,5842
2021-04-20,8481
2021-04-20,5842
2021-04-20,8481
2021-04-20,5842
2021-04-20,8481
2021-04-20,5842
2021-04-20,8481
2021-04-20,5842
2021-04-20,8481
2021-04-20,5842
2021-04-20,8481
2021-04-20,5842
2021-04-20,8481
2021-04-20,5842
2021-04-20,8481
2021-04-20,5842
2021-04-20,8481
2021-04-20,5842
2021-04-20,8481
2021-04-20,5842
2021-04-20,8481
2021-04-20,5842
2021-04-20,8481
2021-04-20,5842
2021-04-20,8481
2021-04-20,5842
2021-04-20,8481
2021-04-20,5842
2021-04-20,8481
2021-04-20,5842
2021-04-20,8481
2021-04-20,5842
2021-04-20,8481
2021-04-20,0
2021-04-20,11198
2021-04-20,2751
2021-04-20,6999
2021-04-20,215
2021-04-20,7147
2021-04-20,13769
2021-04-20,5842
2021-04-20,8481
2021-04-20,0
2021-04-20,11198
2021-04-20,2751
2021-04-20,6999
2021-04-20,215
2021-04-20,7147
2021-04-20,13769
2021-04-20,3295
2021-04-20,5842
2021-04-20,8481
2021-04-20,0
2021-04-20,11198
2021-04-20,2751
2021-04-20,6999
2021-04-20,215
2021-04-20,7147
2021-04-20,13769
2021-04-20,3295
2021-04-21,7995
2021-04-21,2911
2021-04-21,0
2021-04-21,4245
2021-04-21,776
2021-04-21,2132
2021-04-21,0
2021-04-21,1187
2021-04-21,4763
2021-04-21,3268
2021-04-22,0
2021-04-22,3205
2021-04-22,0
2021-04-22,0
2021-04-22,0
2021-04-22,0
2021-04-22,0
2021-04-22,782
2021-04-22,2676
2021-04-22,0
2021-04-22,2967
2021-04-22,1081
2021-04-22,3324
2021-04-22,1796
2021-04-22,7423
2021-04-22,3205
2021-04-22,0
2021-04-22,0
2021-04-22,0
2021-04-22,0
2021-04-22,0
2021-04-22,782
2021-04-22,2676
2021-04-22,0
2021-04-22,2967
2021-04-22,1081
2021-04-22,3324
2021-04-22,1796
2021-04-22,7423
2021-04-22,5042
2021-04-22,0
2021-04-22,0
2021-04-22,0
2021-04-22,0
2021-04-22,0
2021-04-22,782
2021-04-22,2676
2021-04-22,0
2021-04-22,5151
2021-04-22,3177
2021-04-22,3324
2021-04-22,1872
2021-04-23,6634
2021-04-23,6634
2021-04-23,665
2021-04-23,0
2021-04-23,0
2021-04-23,0
2021-04-23,170
2021-04-23,1577
2021-04-23,1277
2021-04-23,0
2021-04-23,0
2021-04-23,839
2021-04-23,4041
2021-04-23,3574
2021-04-23,0
2021-04-23,12115
2021-04-23,665
2021-04-23,0
2021-04-23,0
2021-04-23,0
2021-04-23,170
2021-04-23,1577
2021-04-23,1277
2021-04-23,0
2021-04-23,0
2021-04-23,839
2021-04-23,4041
2021-04-23,3574
2021-04-23,0
2021-04-23,12115
2021-04-23,665
2021-04-23,0
2021-04-23,0
2021-04-23,0
2021-04-23,170
2021-04-23,1577
2021-04-23,1277
2021-04-23,0
2021-04-23,0
2021-04-23,839
2021-04-23,4041
2021-04-23,3574
2021-04-23,0
2021-04-23,9297
2021-04-23,6425
2021-04-23,4073
2021-04-23,12115
2021-04-23,665
2021-04-23,0
2021-04-23,0
2021-04-23,0
2021-04-23,170
2021-04-23,1577
2021-04-23,1277
2021-04-23,0
2021-04-23,0
2021-04-23,839
2021-04-23,4041
2021-04-23,3574
2021-04-23,0
2021-04-23,9297
2021-04-23,6425
2021-04-23,4073
2021-04-23,12115
2021-04-23,665
2021-04-23,0
2021-04-23,0
2021-04-23,0
2021-04-23,170
2021-04-23,1577
2021-04-23,1277
2021-04-23,0
2021-04-23,0
2021-04-23,839
2021-04-23,4041
2021-04-23,3574
2021-04-23,0
2021-04-23,9297
2021-04-23,6425
2021-04-23,4073
2021-04-23,12115
2021-04-23,665
2021-04-23,0
2021-04-23,0
2021-04-23,0
2021-04-23,170
2021-04-23,1577
2021-04-23,1277
2021-04-23,0
2021-04-23,0
2021-04-23,839
2021-04-23,4041
2021-04-23,3574
2021-04-23,0
2021-04-23,9297
2021-04-23,6425
2021-04-23,4073
2021-04-23,12115
2021-04-23,665
2021-04-23,0
2021-04-23,0
2021-04-23,0
2021-04-23,170
2021-04-23,1577
2021-04-23,1277
2021-04-23,0
2021-04-23,0
2021-04-23,839
2021-04-23,4041
2021-04-23,3574
2021-04-23,0
2021-04-23,9297
2021-04-23,6425
2021-04-23,4073
2021-04-23,12115
2021-04-23,665
2021-04-23,0
2021-04-23,0
2021-04-23,0
2021-04-23,170
2021-04-23,1577
2021-04-23,1277
2021-04-23,0
2021-04-23,0
2021-04-23,839
2021-04-23,4041
2021-04-23,3574
2021-04-23,0
2021-04-23,9297
2021-04-23,6425
2021-04-23,4073
2021-04-23,12115
2021-04-23,665
2021-04-23,0
2021-04-23,0
2021-04-23,0
2021-04-23,170
2021-04-23,1577
2021-04-23,1277
2021-04-23,0
2021-04-23,0
2021-04-23,839
2021-04-23,4041
2021-04-23,3574
2021-04-23,0
2021-04-23,9297
2021-04-23,6425
2021-04-23,4073
2021-04-23,12115
2021-04-23,665
2021-04-23,0
2021-04-23,0
2021-04-23,0
2021-04-23,170
2021-04-23,1577
2021-04-23,1277
2021-04-23,0
2021-04-23,0
2021-04-23,839
2021-04-23,4041
2021-04-23,3574
2021-04-23,0
2021-04-23,9297
2021-04-23,6425
2021-04-23,4073
2021-04-23,12115
2021-04-23,665
2021-04-23,0
2021-04-23,0
2021-04-23,0
2021-04-23,170
2021-04-23,1577
2021-04-23,1277
2021-04-23,0
2021-04-23,0
2021-04-23,839
2021-04-23,4041
2021-04-23,3574
2021-04-23,0
2021-04-23,9297
2021-04-23,6425
2021-04-23,4073
2021-04-23,12115
2021-04-23,665
2021-04-23,0
2021-04-23,0
2021-04-23,0
2021-04-23,170
2021-04-23,1577
2021-04-23,1277
2021-04-23,0
2021-04-23,0
2021-04-23,839
2021-04-23,4041
2021-04-23,3574
2021-04-23,0
2021-04-23,9297
2021-04-23,6425
2021-04-23,4073
2021-04-23,12115
2021-04-23,665
2021-04-23,0
2021-04-23,0
2021-04-23,0
2021-04-23,170
2021-04-23,1577
2021-04-23,1277
2021-04-23,0
2021-04-23,0
2021-04-23,839
2021-04-23,4041
2021-04-23,3574
2021-04-23,0
2021-04-23,9297
2021-04-23,6425
2021-04-23,4073
2021-04-23,12115
2021-04-23,665
2021-04-23,0
2021-04-23,0
2021-04-23,0
2021-04-23,170
2021-04-23,1577
2021-04-23,1277
2021-04-23,0
2021-04-23,0
2021-04-23,839
2021-04-23,4041
2021-04-23,3574
2021-04-23,0
2021-04-23,9297
2021-04-23,6425
2021-04-23,4073
2021-04-23,12115
2021-04-23,665
2021-04-23,0
2021-04-23,0
2021-04-23,0
2021-04-23,170
2021-04-23,1577
2021-04-23,1277
2021-04-23,0
2021-04-23,0
2021-04-23,839
2021-04-23,4041
2021-04-23,3574
2021-04-23,0
2021-04-23,9297
2021-04-23,6425
2021-04-23,4073
2021-04-23,12115
2021-04-23,665
2021-04-23,0
2021-04-23,0
2021-04-23,0
2021-04-23,170
2021-04-23,1577
2021-04-23,1277
2021-04-23,0
2021-04-23,0
2021-04-23,839
2021-04-23,4041
2021-04-23,3574
2021-04-23,0
2021-04-23,9297
2021-04-23,6425
2021-04-23,4073
2021-04-23,12115
2021-04-23,665
2021-04-23,0
2021-04-23,0
2021-04-23,0
2021-04-23,170
2021-04-23,1577
2021-04-23,1277
2021-04-23,0
2021-04-23,0
2021-04-23,839
2021-04-23,4041
2021-04-23,3574
2021-04-23,0
2021-04-23,9297
2021-04-23,6425
2021-04-23,4073
2021-04-24,22689
2021-04-24,6632
2021-04-24,0
2021-04-24,0
2021-04-24,0
2021-04-24,0
2021-04-24,0
2021-04-24,1461
2021-04-24,0
2021-04-24,0
2021-04-24,0
2021-04-24,289
2021-04-24,1388
2021-04-24,0
2021-04-24,0
2021-04-24,2576
2021-04-24,1758
2021-04-24,22712
2021-04-24,2683
2021-04-24,0
2021-04-24,0
2021-04-24,0
2021-04-24,0
2021-04-24,0
2021-04-24,1679
2021-04-24,0
2021-04-24,9218
2021-04-24,0
2021-04-24,289
2021-04-24,1388
2021-04-24,0
2021-04-24,0
2021-04-24,2604
2021-04-24,1758
2021-04-24,22712
2021-04-24,2683
2021-04-24,0
2021-04-24,0
2021-04-24,3410
2021-04-24,0
2021-04-24,0
2021-04-24,1679
2021-04-24,0
2021-04-24,9218
2021-04-24,0
2021-04-24,289
2021-04-24,1388
2021-04-24,0
2021-04-24,0
2021-04-24,2604
2021-04-24,1758
2021-04-25,10564
2021-04-25,6236
2021-04-25,0
2021-04-25,0
2021-04-25,4912
2021-04-25,7840
2021-04-25,0
2021-04-25,1292
2021-04-25,0
2021-04-25,10603
2021-04-25,1223
2021-04-25,7244
2021-04-25,2731
2021-04-25,0
2021-04-25,8
2021-04-25,11244
2021-04-25,3089
2021-04-27,5298
2021-04-27,3015
2021-04-27,0
2021-04-27,7230
2021-04-27,6816
2021-04-27,6308
2021-04-27,3032
2021-04-27,1469
2021-04-27,7141
2021-04-27,0
2021-04-27,0
2021-04-27,3593
2021-04-27,12
2021-04-27,5194
2021-04-27,0
2021-04-27,1974
2021-04-27,535
2021-04-27,2432
2021-04-27,1763
2021-04-27,1751
2021-04-29,0
2021-04-29,3325
2021-04-29,0
2021-04-29,0
2021-04-29,0
2021-04-29,9429
2021-04-29,751
2021-04-29,0
2021-04-29,0
2021-04-29,0
2021-04-29,0
2021-04-29,5452
2021-04-29,105
2021-04-29,0
2021-04-29,62
2021-04-29,1482
2021-04-29,7041
2021-04-29,401
2021-04-29,878
2021-04-29,5303
2021-04-29,3325
2021-04-29,0
2021-04-29,0
2021-04-29,0
2021-04-29,9429
2021-04-29,751
2021-04-29,0
2021-04-29,0
2021-04-29,0
2021-04-29,4834
2021-04-29,5611
2021-04-29,105
2021-04-29,0
2021-04-29,62
2021-04-29,1482
2021-04-29,7041
2021-04-29,401
2021-04-29,878
2021-04-29,0
2021-04-30,12054
2021-04-30,3818
2021-04-30,0
2021-04-30,0
2021-04-30,5633
2021-04-30,6057
2021-04-30,3285
2021-04-30,7943
2021-04-30,0
2021-04-30,3533
2021-04-30,13484
2021-04-30,5046
2021-04-30,0
2021-04-30,0
2021-04-30,12
2021-04-30,7582
2021-04-30,6485
2021-04-30,5208
2021-04-30,2183
2021-04-30,0
2021-05-01,11856
2021-05-01,12006
2021-05-01,0
2021-05-01,0
2021-05-01,3080
2021-05-01,0
2021-05-01,11037
2021-05-01,0
2021-05-01,0
2021-05-01,2110
2021-05-01,16707
2021-05-01,3688
2021-05-01,5714
2021-05-01,0
2021-05-01,0
2021-05-01,1716
2021-05-01,4629
2021-05-01,0
2021-05-01,26
2021-05-01,0
2021-05-02,8350
2021-05-02,4807
2021-05-02,0
2021-05-02,0
2021-05-02,5974
2021-05-02,0
2021-05-02,17872
2021-05-02,0
2021-05-02,0
2021-05-02,13848
2021-05-02,15479
2021-05-02,4669
2021-05-02,8537
2021-05-02,0
2021-05-02,3415
2021-05-02,884
2021-05-02,4072
2021-05-02,2172
2021-05-02,3240
2021-05-02,0
2021-05-03,21592
2021-05-03,3238
2021-05-03,0
2021-05-03,0
2021-05-03,1591
2021-05-03,0
2021-05-03,1659
2021-05-03,3489
2021-05-03,0
2021-05-03,7667
2021-05-03,0
2021-05-03,8359
2021-05-03,7032
2021-05-03,0
2021-05-03,19
2021-05-03,1703
2021-05-03,6968
2021-05-03,10052
2021-05-03,63
2021-05-03,0
2021-05-04,11307
2021-05-04,2895
2021-05-04,0
2021-05-04,0
2021-05-04,7179
2021-05-04,0
2021-05-04,6299
2021-05-04,1806
2021-05-04,0
2021-05-04,0
2021-05-04,7383
2021-05-04,120
2021-05-04,1412
2021-05-04,0
2021-05-04,29
2021-05-04,446
2021-05-04,3742
2021-05-04,6341
2021-05-04,810
2021-05-04,0
2021-05-04,11307
2021-05-04,2895
2021-05-04,0
2021-05-04,0
2021-05-04,7197
2021-05-04,0
2021-05-04,6299
2021-05-04,1806
2021-05-04,0
2021-05-04,0
2021-05-04,7383
2021-05-04,1729
2021-05-04,1412
2021-05-04,0
2021-05-04,29
2021-05-04,446
2021-05-04,3742
2021-05-04,6341
2021-05-04,810
2021-05-04,0
2021-05-05,9037
2021-05-05,8043
2021-05-05,0
2021-05-05,0
2021-05-05,10986
2021-05-05,0
2021-05-05,560
2021-05-05,1714
2021-05-05,0
2021-05-05,4670
2021-05-05,5037
2021-05-05,5419
2021-05-05,0
2021-05-05,0
2021-05-05,15
2021-05-05,1160
2021-05-05,2155
2021-05-06,488
2021-05-06,7837
2021-05-06,0
2021-05-06,0
2021-05-06,488
2021-05-06,2804
2021-05-06,0
2021-05-06,0
2021-05-06,3761
2021-05-06,0
2021-05-06,3983
2021-05-06,1379
2021-05-06,0
2021-05-06,398
2021-05-06,9131
2021-05-06,5149
2021-05-06,1493
2021-05-06,0
2021-05-06,6710
2021-05-06,3296
2021-05-06,2939
2021-05-06,5114
2021-05-06,4186
2021-05-06,0
2021-05-06,13512
2021-05-06,2804
2021-05-06,0
2021-05-06,0
2021-05-06,3761
2021-05-06,0
2021-05-06,3983
2021-05-06,1379
2021-05-06,0
2021-05-06,398
2021-05-06,9131
2021-05-06,5189
2021-05-06,1493
2021-05-06,0
2021-05-06,6710
2021-05-06,3296
2021-05-06,2939
2021-05-06,5114
2021-05-06,4186
2021-05-06,0
2021-05-07,10727
2021-05-07,4513
2021-05-07,0
2021-05-07,0
2021-05-07,3954
2021-05-07,0
2021-05-07,3595
2021-05-07,0
2021-05-07,0
2021-05-07,2623
2021-05-07,0
2021-05-07,6417
2021-05-07,7558
2021-05-07,0
2021-05-07,9874
2021-05-07,988
2021-05-07,7145
2021-05-07,314
2021-05-07,3150
2021-05-07,0
2021-05-08,8696
2021-05-08,1365
2021-05-08,0
2021-05-08,0
2021-05-08,0
2021-05-08,0
2021-05-08,2550
2021-05-08,1498
2021-05-08,89
2021-05-08,6
2021-05-08,0
2021-05-08,2961
2021-05-08,1816
2021-05-08,0
2021-05-08,19
2021-05-08,2219
2021-05-08,5299
2021-05-08,298
2021-05-08,3695
2021-05-08,0
2021-05-09,25508
2021-05-09,2152
2021-05-09,0
2021-05-09,0
2021-05-09,0
2021-05-09,0
2021-05-09,3571
2021-05-09,1002
2021-05-09,5034
2021-05-09,0
2021-05-09,6879
2021-05-09,4009
2021-05-09,4677
2021-05-09,0
2021-05-09,3668
2021-05-09,1310
2021-05-09,4367
2021-05-09,3369
2021-05-09,56
2021-05-09,0
2021-05-10,10106
2021-05-10,0
2021-05-10,0
2021-05-10,0
2021-05-10,3763
2021-05-10,0
2021-05-10,2697
2021-05-10,6975
2021-05-10,10106
2021-05-10,0
2021-05-10,0
2021-05-10,0
2021-05-10,3763
2021-05-10,0
2021-05-10,2697
2021-05-10,6975
2021-05-10,3831
2021-05-10,2962
2021-05-10,0
2021-05-10,0
2021-05-10,10719
2021-05-10,0
2021-05-10,9210
2021-05-10,7738
2021-05-10,5709
2021-05-10,6578
2021-05-10,3198
2021-05-10,0
2021-05-11,0
2021-05-11,0
2021-05-11,0
2021-05-11,0
2021-05-11,4513
2021-05-11,0
2021-05-11,2221
2021-05-11,1071
2021-05-11,5576
2021-05-11,965
2021-05-11,0
2021-05-11,3217
2021-05-11,7812
2021-05-11,0
2021-05-11,0
2021-05-11,1027
2021-05-11,1667
2021-05-11,5384
2021-05-11,3205
2021-05-11,0
2021-05-12,8354
2021-05-12,7783
2021-05-12,0
2021-05-12,6420
2021-05-12,4802
2021-05-12,155
2021-05-12,4730
2021-05-12,6833
2021-05-12,4989
2021-05-12,1663
2021-05-12,2390
2021-05-12,2053
2021-05-12,959
2021-05-12,0
2021-05-12,11506
2021-05-12,3284
2021-05-12,4176
2021-05-12,6222
2021-05-12,3339
2021-05-12,0
2021-05-13,7999
2021-05-13,10740
2021-05-13,0
2021-05-13,7491
2021-05-13,4928
2021-05-13,8069
2021-05-13,3264
2021-05-13,1515
2021-05-13,3367
2021-05-13,2935
2021-05-13,7278
2021-05-13,5948
2021-05-13,8655
2021-05-13,0
2021-05-13,12410
2021-05-13,3444
2021-05-13,2521
2021-05-13,4462
2021-05-13,3452
2021-05-13,0
2021-05-15,13716
2021-05-15,0
2021-05-15,0
2021-05-15,0
2021-05-15,0
2021-05-15,0
2021-05-15,8300
2021-05-15,31
2021-05-15,76
2021-05-15,0
2021-05-15,8088
2021-05-15,6826
2021-05-15,5112
2021-05-15,0
2021-05-15,9
2021-05-15,2149
2021-05-15,3043
2021-05-15,37
2021-05-15,2947
2021-05-15,0
2021-05-16,6578
2021-05-16,1027
2021-05-16,0
2021-05-16,0
2021-05-16,0
2021-05-16,0
2021-05-16,6345
2021-05-16,0
2021-05-16,198
2021-05-16,0
2021-05-16,5010
2021-05-16,9489
2021-05-16,15
2021-05-16,0
2021-05-16,12
2021-05-16,327
2021-05-16,1500
2021-05-16,0
2021-05-16,16
2021-05-16,0
2021-05-24,12304
2021-05-24,12304
2021-05-24,12304
2021-05-24,12304
2021-05-24,0
2021-05-24,0
2021-05-24,0
2021-05-24,1392
2021-05-24,0
2021-05-24,0
2021-05-24,0
2021-05-24,12304
2021-05-24,0
2021-05-24,0
2021-05-24,0
2021-05-24,1392
2021-05-24,0
2021-05-24,0
2021-05-24,0
2021-05-24,6442
2021-05-24,0
2021-05-24,0
2021-05-24,6148
2021-05-24,13398
2021-05-24,0
2021-05-24,8873
2021-05-24,2823
2021-05-24,1617
2021-05-24,0
2021-05-24,4221
2021-05-24,228
2021-05-24,12304
2021-05-24,0
2021-05-24,0
2021-05-24,0
2021-05-24,1392
2021-05-24,0
2021-05-24,0
2021-05-24,0
2021-05-24,6442
2021-05-24,0
2021-05-24,0
2021-05-24,6148
2021-05-24,13398
2021-05-24,0
2021-05-24,8873
2021-05-24,2823
2021-05-24,1617
2021-05-24,0
2021-05-24,4221
2021-05-24,228
2021-05-24,12304
2021-05-24,0
2021-05-24,0
2021-05-24,12304
2021-05-24,0
2021-05-24,0
2021-05-24,12304
2021-05-24,0
2021-05-24,0
2021-05-24,0
2021-05-24,12304
2021-05-24,0
2021-05-24,0
2021-05-24,0
2021-05-24,12304
2021-05-24,0
2021-05-24,0
2021-05-24,0
2021-05-24,12304
2021-05-24,0
2021-05-24,0
2021-05-24,0
2021-05-24,12304
2021-05-24,0
2021-05-24,0
2021-05-24,0
2021-05-24,12304
2021-05-24,0
2021-05-24,0
2021-05-24,0
2021-05-24,12304
2021-05-24,0
2021-05-24,0
2021-05-24,0
2021-05-24,12304
2021-05-24,0
2021-05-24,0
2021-05-24,0
2021-05-24,12304
2021-05-24,0
2021-05-24,0
2021-05-24,0
2021-05-24,12304
2021-05-24,0
2021-05-24,0
2021-05-24,0
2021-05-24,12304
2021-05-24,0
2021-05-24,0
2021-05-24,0
2021-05-24,12304
2021-05-24,0
2021-05-24,0
2021-05-24,0
2021-05-24,12304
2021-05-24,0
2021-05-24,0
2021-05-24,0
2021-05-24,12304
2021-05-24,0
2021-05-24,0
2021-05-24,0
2021-05-24,1392
2021-05-24,0
2021-05-24,0
2021-05-24,0
2021-05-24,6442
2021-05-24,0
2021-05-24,0
2021-05-24,6148
2021-05-24,13398
2021-05-24,0
2021-05-24,8873
2021-05-24,2823
2021-05-24,1617
2021-05-24,0
2021-05-24,4221
2021-05-24,228
2021-05-24,12304
2021-05-24,0
2021-05-24,0
2021-05-24,0
2021-05-24,1392
2021-05-24,0
2021-05-24,0
2021-05-24,0
2021-05-24,6442
2021-05-24,0
2021-05-24,0
2021-05-24,6148
2021-05-24,13398
2021-05-24,0
2021-05-24,8873
2021-05-24,2823
2021-05-24,1617
2021-05-24,0
2021-05-24,4221
2021-05-24,228
2021-05-24,12304
2021-05-24,0
2021-05-24,0
2021-05-24,0
2021-05-24,1392
2021-05-24,0
2021-05-24,0
2021-05-24,0
2021-05-24,6442
2021-05-24,0
2021-05-24,0
2021-05-24,6148
2021-05-24,13398
2021-05-24,0
2021-05-24,8873
2021-05-24,2823
2021-05-24,1617
2021-05-24,0
2021-05-24,4221
2021-05-24,228
2021-05-24,12304
2021-05-24,0
2021-05-24,0
2021-05-24,0
2021-05-24,1392
2021-05-24,0
2021-05-24,0
2021-05-24,0
2021-05-24,6442
2021-05-24,0
2021-05-24,0
2021-05-24,6148
2021-05-24,13398
2021-05-24,0
2021-05-24,8873
2021-05-24,2823
2021-05-24,1617
2021-05-24,0
2021-05-24,4221
2021-05-24,228
2021-05-24,12304
2021-05-24,0
2021-05-24,0
2021-05-24,0
2021-05-24,1392
2021-05-24,0
2021-05-24,0
2021-05-24,0
2021-05-24,6442
2021-05-24,0
2021-05-24,0
2021-05-24,6148
2021-05-24,13398
2021-05-24,0
2021-05-24,8873
2021-05-24,2823
2021-05-24,1617
2021-05-24,0
2021-05-24,4221
2021-05-24,228
2021-05-24,12304
2021-05-24,0
2021-05-24,0
2021-05-24,0
2021-05-24,1392
2021-05-24,0
2021-05-24,0
2021-05-24,0
2021-05-24,6442
2021-05-24,0
2021-05-24,0
2021-05-24,6148
2021-05-24,13398
2021-05-24,0
2021-05-24,8873
2021-05-24,2823
2021-05-24,1617
2021-05-24,0
2021-05-24,4221
2021-05-24,228
2021-05-24,12304
2021-05-24,0
2021-05-24,0
2021-05-24,0
2021-05-24,1392
2021-05-24,0
2021-05-24,0
2021-05-24,0
2021-05-24,6442
2021-05-24,0
2021-05-24,0
2021-05-24,6148
2021-05-24,13398
2021-05-24,0
2021-05-24,8873
2021-05-24,2823
2021-05-24,1617
2021-05-24,0
2021-05-24,4221
2021-05-24,228
2021-05-24,12304
2021-05-24,0
2021-05-24,0
2021-05-24,0
2021-05-24,1392
2021-05-24,0
2021-05-24,0
2021-05-24,0
2021-05-24,6442
2021-05-24,0
2021-05-24,0
2021-05-24,6148
2021-05-24,13398
2021-05-24,0
2021-05-24,8873
2021-05-24,2823
2021-05-24,1617
2021-05-24,0
2021-05-24,4221
2021-05-24,228
2021-05-24,12304
2021-05-24,0
2021-05-24,0
2021-05-24,0
2021-05-24,1392
2021-05-24,0
2021-05-24,0
2021-05-24,0
2021-05-24,6442
2021-05-24,0
2021-05-24,0
2021-05-24,6148
2021-05-24,13398
2021-05-24,0
2021-05-24,8873
2021-05-24,2823
2021-05-24,1617
2021-05-24,0
2021-05-24,4221
2021-05-24,228
2021-05-24,12304
2021-05-24,0
2021-05-24,0
2021-05-24,0
2021-05-24,1392
2021-05-24,0
2021-05-24,0
2021-05-24,0
2021-05-24,6442
2021-05-24,0
2021-05-24,0
2021-05-24,6148
2021-05-24,13398
2021-05-24,0
2021-05-24,8873
2021-05-24,2823
2021-05-24,1617
2021-05-24,0
2021-05-24,4221
2021-05-24,228
2021-05-26,0
2021-05-26,515
2021-05-26,0
2021-05-26,0
2021-05-26,0
2021-05-26,0
2021-05-26,0
2021-05-26,0
2021-05-26,6776
2021-05-26,0
2021-05-26,0
2021-05-26,9646
2021-05-26,5477
2021-05-26,0
2021-05-26,9593
2021-05-26,0
2021-05-26,1147
2021-05-26,0
2021-05-26,3590
2021-05-26,7349
2021-05-27,0
2021-05-27,0
2021-05-27,0
2021-05-27,16
2021-05-27,0
2021-05-27,0
2021-05-27,0
2021-05-27,1772
2021-05-27,0
2021-05-27,0
2021-05-27,3258
2021-05-27,0
2021-05-27,0
2021-05-27,30
2021-05-27,543
2021-05-27,0
2021-05-27,6824
2021-05-27,0
2021-05-27,984
2021-05-27,0
2021-05-27,3519
2021-05-27,1403
2021-05-30,0
2021-05-30,0
2021-05-30,0
2021-05-30,0
2021-05-30,0
2021-05-30,5442
2021-05-30,0
2021-05-30,0
2021-05-30,7597
2021-05-30,0
2021-05-30,0
2021-05-30,0
2021-05-30,0
2021-05-30,0
2021-05-30,17
2021-05-30,0
2021-05-30,4293
2021-05-30,11900
2021-05-30,29
2021-05-30,1641
2021-05-30,0
2021-05-30,0
2021-05-30,0
2021-05-30,0
2021-05-30,0
2021-05-30,5442
2021-05-30,0
2021-05-30,0
2021-05-30,7597
2021-05-30,0
2021-05-30,0
2021-05-30,0
2021-05-30,0
2021-05-30,0
2021-05-30,17
2021-05-30,0
2021-05-30,4293
2021-05-30,11900
2021-05-30,29
2021-05-30,1641
2021-05-30,0
2021-05-30,0
2021-05-30,0
2021-05-30,0
2021-05-30,0
2021-05-30,0
2021-05-30,0
2021-05-30,0
2021-05-30,0
2021-05-30,0
2021-05-30,0
2021-05-30,0
2021-05-30,8008
2021-05-30,5442
2021-05-30,0
2021-05-30,0
2021-05-30,7597
2021-05-30,0
2021-05-30,0
2021-05-30,0
2021-05-30,0
2021-05-30,0
2021-05-30,17
2021-05-30,0
2021-05-30,4293
2021-05-30,11900
2021-05-30,29
2021-05-30,1641
2021-05-31,0
2021-05-31,0
2021-05-31,0
2021-05-31,0
2021-05-31,689
2021-05-31,1812
2021-05-31,0
2021-05-31,0
2021-05-31,10080
2021-05-31,0
2021-05-31,0
2021-05-31,5493
2021-05-31,0
2021-05-31,0
2021-05-31,0
2021-05-31,0
2021-05-31,689
2021-05-31,1812
2021-05-31,0
2021-05-31,0
2021-05-31,10080
2021-05-31,0
2021-05-31,0
2021-05-31,5493
2021-05-31,0
2021-05-31,0
2021-05-31,0
2021-05-31,0
2021-05-31,689
2021-05-31,1812
2021-05-31,0
2021-05-31,0
2021-05-31,10080
2021-05-31,0
2021-05-31,0
2021-05-31,5493
2021-05-31,1798
2021-05-31,0
2021-05-31,8834
2021-05-31,0
2021-05-31,1792
2021-05-31,11439
2021-05-31,2997
2021-05-31,1781
2021-05-31,4431
2021-05-31,0
2021-05-31,0
2021-05-31,0
2021-05-31,0
2021-05-31,689
2021-05-31,1812
2021-05-31,0
2021-05-31,0
2021-05-31,10080
2021-05-31,0
2021-05-31,0
2021-05-31,5493
2021-05-31,0
2021-05-31,0
2021-05-31,0
2021-05-31,0
2021-05-31,689
2021-05-31,1812
2021-05-31,0
2021-05-31,0
2021-05-31,10080
2021-05-31,0
2021-05-31,0
2021-05-31,5493
2021-05-31,0
2021-05-31,0
2021-05-31,0
2021-05-31,0
2021-05-31,689
2021-05-31,1812
2021-05-31,0
2021-05-31,0
2021-05-31,10080
2021-05-31,0
2021-05-31,0
2021-05-31,5493
2021-05-31,0
2021-05-31,0
2021-05-31,0
2021-05-31,0
2021-05-31,689
2021-05-31,1812
2021-05-31,0
2021-05-31,0
2021-05-31,10080
2021-05-31,0
2021-05-31,0
2021-05-31,5493
2021-05-31,0
2021-05-31,0
2021-05-31,0
2021-05-31,0
2021-05-31,689
2021-05-31,1812
2021-05-31,0
2021-05-31,0
2021-05-31,10080
2021-05-31,0
2021-05-31,0
2021-05-31,5493
2021-05-31,0
2021-05-31,0
2021-05-31,0
2021-05-31,0
2021-05-31,689
2021-05-31,1812
2021-05-31,0
2021-05-31,0
2021-05-31,10080
2021-05-31,0
2021-05-31,0
2021-05-31,5493
2021-05-31,0
2021-05-31,0
2021-05-31,0
2021-05-31,0
2021-05-31,689
2021-05-31,1812
2021-05-31,0
2021-05-31,0
2021-05-31,10080
2021-05-31,0
2021-05-31,0
2021-05-31,5493
2021-05-31,0
2021-05-31,0
2021-05-31,0
2021-05-31,0
2021-05-31,689
2021-05-31,1812
2021-05-31,0
2021-05-31,0
2021-05-31,10080
2021-05-31,0
2021-05-31,0
2021-05-31,5493
2021-05-31,0
2021-05-31,0
2021-05-31,0
2021-05-31,0
2021-05-31,689
2021-05-31,1812
2021-05-31,0
2021-05-31,0
2021-05-31,10080
2021-05-31,0
2021-05-31,0
2021-05-31,5493
2021-05-31,0
2021-05-31,0
2021-05-31,0
2021-05-31,0
2021-05-31,689
2021-05-31,1812
2021-05-31,0
2021-05-31,0
2021-05-31,10080
2021-05-31,0
2021-05-31,0
2021-05-31,5493
2021-05-31,0
2021-05-31,0
2021-05-31,0
2021-05-31,0
2021-05-31,689
2021-05-31,1812
2021-05-31,0
2021-05-31,0
2021-05-31,10080
2021-05-31,0
2021-05-31,0
2021-05-31,5493
2021-05-31,0
2021-05-31,0
2021-05-31,0
2021-05-31,0
2021-05-31,689
2021-05-31,1812
2021-05-31,0
2021-05-31,0
2021-05-31,10080
2021-05-31,0
2021-05-31,0
2021-05-31,5493
2021-05-31,0
2021-05-31,0
2021-05-31,0
2021-05-31,0
2021-05-31,689
2021-05-31,1812
2021-05-31,0
2021-05-31,0
2021-05-31,10080
2021-05-31,0
2021-05-31,0
2021-05-31,5493
2021-05-31,0
2021-05-31,0
2021-05-31,0
2021-05-31,0
2021-05-31,0
2021-05-31,689
2021-05-31,1812
2021-05-31,0
2021-05-31,0
2021-05-31,10080
2021-05-31,0
2021-05-31,0
2021-05-31,5493
2021-05-31,0
2021-05-31,0
2021-05-31,0
2021-05-31,0
2021-05-31,689
2021-05-31,1812
2021-05-31,0
2021-05-31,0
2021-05-31,10080
2021-05-31,0
2021-05-31,0
2021-05-31,5493
2021-05-31,0
2021-05-31,0
2021-05-31,0
2021-05-31,0
2021-05-31,689
2021-05-31,1812
2021-05-31,0
2021-05-31,0
2021-05-31,10080
2021-05-31,0
2021-05-31,0
2021-05-31,5493
2021-05-31,0
2021-05-31,0
2021-05-31,0
2021-05-31,0
2021-05-31,689
2021-05-31,1812
2021-05-31,0
2021-05-31,0
2021-05-31,10080
2021-05-31,0
2021-05-31,0
2021-05-31,5493
2021-05-31,0
2021-05-31,0
2021-05-31,0
2021-05-31,0
2021-05-31,689
2021-05-31,1812
2021-05-31,0
2021-05-31,0
2021-05-31,10080
2021-05-31,0
2021-05-31,0
2021-05-31,5493
2021-05-31,0
2021-05-31,0
2021-05-31,0
2021-05-31,0
2021-05-31,689
2021-05-31,1812
2021-05-31,0
2021-05-31,0
2021-05-31,10080
2021-05-31,0
2021-05-31,0
2021-05-31,5493
2021-05-31,0
2021-05-31,0
2021-05-31,0
2021-05-31,0
2021-05-31,689
2021-05-31,1812
2021-05-31,0
2021-05-31,0
2021-05-31,10080
2021-05-31,0
2021-05-31,0
2021-05-31,5493
2021-05-31,0
2021-05-31,0
2021-05-31,0
2021-05-31,0
2021-05-31,689
2021-05-31,1812
2021-05-31,0
2021-05-31,0
2021-05-31,10080
2021-05-31,0
2021-05-31,0
2021-05-31,5493
2021-05-31,0
2021-05-31,0
2021-05-31,0
2021-05-31,0
2021-05-31,689
2021-05-31,1812
2021-05-31,0
2021-05-31,0
2021-05-31,10080
2021-05-31,0
2021-05-31,0
2021-05-31,5493
2021-05-31,8487
2021-05-31,0
2021-05-31,0
2021-05-31,0
2021-05-31,689
2021-05-31,1812
2021-05-31,0
2021-05-31,0
2021-05-31,10080
2021-05-31,0
2021-05-31,0
2021-05-31,5493
2021-05-31,1798
2021-05-31,0
2021-05-31,8834
2021-05-31,0
2021-05-31,2783
2021-05-31,11439
2021-05-31,2997
2021-05-31,1781
2021-05-31,4431
2021-06-01,9193
2021-06-01,0
2021-06-01,0
2021-06-01,0
2021-06-01,2228
2021-06-01,0
2021-06-01,7633
2021-06-01,0
2021-06-01,5956
2021-06-01,0
2021-06-01,0
2021-06-01,2940
2021-06-01,348
2021-06-01,0
2021-06-01,8324
2021-06-01,0
2021-06-01,1992
2021-06-01,3271
2021-06-01,3240
2021-06-01,2640
2021-06-01,4748
2021-06-02,11966
2021-06-02,25
2021-06-02,0
2021-06-02,0
2021-06-02,2196
2021-06-02,2111
2021-06-02,2644
2021-06-02,0
2021-06-02,6531
2021-06-02,7795
2021-06-02,0
2021-06-02,1143
2021-06-02,5421
2021-06-02,0
2021-06-02,8580
2021-06-02,0
2021-06-02,1210
2021-06-02,4339
2021-06-02,5256
2021-06-02,5867
2021-06-02,4242
2021-06-03,8082
2021-06-03,4273
2021-06-03,0
2021-06-03,0
2021-06-03,0
2021-06-03,39
2021-06-03,0
2021-06-03,0
2021-06-03,6893
2021-06-03,3198
2021-06-03,0
2021-06-03,0
2021-06-03,30
2021-06-03,0
2021-06-03,0
2021-06-03,0
2021-06-03,2622
2021-06-03,4227
2021-06-03,3154
2021-06-03,1098
2021-06-03,5188
2021-06-04,12112
2021-06-04,4630
2021-06-04,0
2021-06-04,0
2021-06-04,0
2021-06-04,566
2021-06-04,0
2021-06-04,0
2021-06-04,7789
2021-06-04,0
2021-06-04,0
2021-06-04,0
2021-06-04,8559
2021-06-04,0
2021-06-04,1416
2021-06-04,0
2021-06-04,1615
2021-06-04,274
2021-06-04,3379
2021-06-04,868
2021-06-04,4442
2021-06-05,16916
2021-06-05,3296
2021-06-05,0
2021-06-05,0
2021-06-05,0
2021-06-05,5608
2021-06-05,0
2021-06-05,0
2021-06-05,6146
2021-06-05,0
2021-06-05,0
2021-06-05,5556
2021-06-05,27
2021-06-05,0
2021-06-05,0
2021-06-05,0
2021-06-05,3008
2021-06-05,7729
2021-06-05,4254
2021-06-05,948
2021-06-05,3809
2021-06-06,15993
2021-06-06,0
2021-06-06,0
2021-06-06,0
2021-06-06,0
2021-06-06,1214
2021-06-06,0
2021-06-06,0
2021-06-06,10657
2021-06-06,0
2021-06-06,0
2021-06-06,10384
2021-06-06,308
2021-06-06,0
2021-06-06,43
2021-06-06,0
2021-06-06,4550
2021-06-06,7333
2021-06-06,5
2021-06-06,1240
2021-06-06,198
2021-06-07,15310
2021-06-07,0
2021-06-07,0
2021-06-07,0
2021-06-07,159
2021-06-07,4591
2021-06-07,0
2021-06-07,0
2021-06-07,6224
2021-06-07,0
2021-06-07,0
2021-06-07,5700
2021-06-07,15310
2021-06-07,0
2021-06-07,0
2021-06-07,0
2021-06-07,159
2021-06-07,4591
2021-06-07,0
2021-06-07,0
2021-06-07,6224
2021-06-07,0
2021-06-07,0
2021-06-07,5700
2021-06-07,15310
2021-06-07,0
2021-06-07,0
2021-06-07,0
2021-06-07,159
2021-06-07,4591
2021-06-07,0
2021-06-07,0
2021-06-07,6224
2021-06-07,0
2021-06-07,0
2021-06-07,5700
2021-06-07,15310
2021-06-07,0
2021-06-07,0
2021-06-07,0
2021-06-07,159
2021-06-07,4591
2021-06-07,0
2021-06-07,0
2021-06-07,6224
2021-06-07,0
2021-06-07,0
2021-06-07,5700
2021-06-07,15310
2021-06-07,0
2021-06-07,15310
2021-06-07,15310
2021-06-07,0
2021-06-07,0
2021-06-07,0
2021-06-07,159
2021-06-07,4591
2021-06-07,0
2021-06-07,0
2021-06-07,6224
2021-06-07,0
2021-06-07,0
2021-06-07,5700
2021-06-07,15310
2021-06-07,0
2021-06-07,0
2021-06-07,0
2021-06-07,159
2021-06-07,4591
2021-06-07,0
2021-06-07,0
2021-06-07,6224
2021-06-07,0
2021-06-07,0
2021-06-07,5700
2021-06-07,15310
2021-06-07,0
2021-06-07,0
2021-06-07,0
2021-06-07,159
2021-06-07,4591
2021-06-07,0
2021-06-07,0
2021-06-07,6224
2021-06-07,0
2021-06-07,0
2021-06-07,5700
2021-06-07,15310
2021-06-07,0
2021-06-07,0
2021-06-07,0
2021-06-07,159
2021-06-07,4591
2021-06-07,0
2021-06-07,0
2021-06-07,6224
2021-06-07,0
2021-06-07,0
2021-06-07,5700
2021-06-07,15310
2021-06-07,0
2021-06-07,0
2021-06-07,0
2021-06-07,159
2021-06-07,4591
2021-06-07,0
2021-06-07,0
2021-06-07,6224
2021-06-07,0
2021-06-07,0
2021-06-07,5700
2021-06-07,15310
2021-06-07,0
2021-06-07,0
2021-06-07,0
2021-06-07,159
2021-06-07,4591
2021-06-07,0
2021-06-07,0
2021-06-07,6224
2021-06-07,0
2021-06-07,0
2021-06-07,5700
2021-06-07,15310
2021-06-07,0
2021-06-07,0
2021-06-07,0
2021-06-07,159
2021-06-07,4591
2021-06-07,0
2021-06-07,0
2021-06-07,6224
2021-06-07,0
2021-06-07,0
2021-06-07,5700
2021-06-07,15310
2021-06-07,0
2021-06-07,0
2021-06-07,0
2021-06-07,159
2021-06-07,4591
2021-06-07,0
2021-06-07,0
2021-06-07,6224
2021-06-07,0
2021-06-07,0
2021-06-07,5700
2021-06-07,15310
2021-06-07,0
2021-06-07,0
2021-06-07,0
2021-06-07,159
2021-06-07,4591
2021-06-07,0
2021-06-07,0
2021-06-07,6224
2021-06-07,0
2021-06-07,0
2021-06-07,5700
2021-06-07,15310
2021-06-07,0
2021-06-07,0
2021-06-07,0
2021-06-07,159
2021-06-07,4591
2021-06-07,0
2021-06-07,0
2021-06-07,6224
2021-06-07,0
2021-06-07,0
2021-06-07,5700
2021-06-07,15310
2021-06-07,15310
2021-06-07,0
2021-06-07,0
2021-06-07,0
2021-06-07,159
2021-06-07,4591
2021-06-07,0
2021-06-07,0
2021-06-07,6224
2021-06-07,0
2021-06-07,0
2021-06-07,5700
2021-06-07,15310
2021-06-07,0
2021-06-07,0
2021-06-07,0
2021-06-07,159
2021-06-07,4591
2021-06-07,0
2021-06-07,0
2021-06-07,6224
2021-06-07,0
2021-06-07,15310
2021-06-07,0
2021-06-07,0
2021-06-07,0
2021-06-07,159
2021-06-07,4591
2021-06-07,0
2021-06-07,0
2021-06-07,6224
2021-06-07,0
2021-06-07,0
2021-06-07,5700
2021-06-07,15310
2021-06-07,1814
2021-06-07,0
2021-06-07,0
2021-06-07,159
2021-06-07,4591
2021-06-07,0
2021-06-07,0
2021-06-07,6224
2021-06-07,0
2021-06-07,0
2021-06-07,5700
2021-06-07,15310
2021-06-07,1814
2021-06-07,0
2021-06-07,0
2021-06-07,159
2021-06-07,4591
2021-06-07,0
2021-06-07,0
2021-06-07,6224
2021-06-07,0
2021-06-07,0
2021-06-07,5700
2021-06-07,756
2021-06-07,8625
2021-06-07,17714
2021-06-07,0
2021-06-07,2026
2021-06-07,4790
2021-06-07,3162
2021-06-07,1490
2021-06-07,4893
2021-06-08,10598
2021-06-08,3772
2021-06-08,0
2021-06-08,0
2021-06-08,1625
2021-06-08,5263
2021-06-08,0
2021-06-08,0
2021-06-08,5605
2021-06-08,3163
2021-06-08,0
2021-06-08,0
2021-06-08,10598
2021-06-08,3772
2021-06-08,0
2021-06-08,0
2021-06-08,1625
2021-06-08,5263
2021-06-08,0
2021-06-08,0
2021-06-08,5605
2021-06-08,3163
2021-06-08,0
2021-06-08,0
2021-06-08,10598
2021-06-08,3772
2021-06-08,0
2021-06-08,0
2021-06-08,1625
2021-06-08,5263
2021-06-08,0
2021-06-08,0
2021-06-08,5605
2021-06-08,3163
2021-06-08,0
2021-06-08,0
2021-06-08,10598
2021-06-08,3772
2021-06-08,0
2021-06-08,0
2021-06-08,1625
2021-06-08,5263
2021-06-08,0
2021-06-08,0
2021-06-08,5605
2021-06-08,3163
2021-06-08,0
2021-06-08,0
2021-06-08,10598
2021-06-08,3772
2021-06-08,0
2021-06-08,0
2021-06-08,1625
2021-06-08,5263
2021-06-08,0
2021-06-08,0
2021-06-08,5605
2021-06-08,3163
2021-06-08,0
2021-06-08,0
2021-06-08,10598
2021-06-08,3772
2021-06-08,0
2021-06-08,0
2021-06-08,1625
2021-06-08,362
2021-06-08,0
2021-06-08,0
2021-06-08,5605
2021-06-08,3163
2021-06-08,0
2021-06-08,0
2021-06-08,610
2021-06-08,1451
2021-06-08,10054
2021-06-08,0
2021-06-08,2984
2021-06-08,180
2021-06-08,3537
2021-06-08,1187
2021-06-08,5723
2021-06-09,8445
2021-06-09,1302
2021-06-09,8445
2021-06-09,1302
2021-06-09,0
2021-06-09,0
2021-06-09,3027
2021-06-09,3806
2021-06-09,0
2021-06-09,6213
2021-06-09,7556
2021-06-09,8445
2021-06-09,1302
2021-06-09,0
2021-06-09,0
2021-06-09,3027
2021-06-09,3806
2021-06-09,0
2021-06-09,6213
2021-06-09,7556
2021-06-09,2673
2021-06-09,0
2021-06-09,2672
2021-06-09,8445
2021-06-09,1302
2021-06-09,0
2021-06-09,0
2021-06-09,3027
2021-06-09,3806
2021-06-09,0
2021-06-09,6213
2021-06-09,7556
2021-06-09,2673
2021-06-09,0
2021-06-09,2672
2021-06-09,8445
2021-06-09,1302
2021-06-09,0
2021-06-09,0
2021-06-09,3027
2021-06-09,3806
2021-06-09,0
2021-06-09,6213
2021-06-09,7556
2021-06-09,2673
2021-06-09,0
2021-06-09,2672
2021-06-09,8429
2021-06-09,1302
2021-06-09,0
2021-06-09,0
2021-06-09,3252
2021-06-09,3806
2021-06-09,0
2021-06-09,6213
2021-06-09,7556
2021-06-09,2673
2021-06-09,0
2021-06-09,2672
2021-06-09,1177
2021-06-09,2432
2021-06-09,9516
2021-06-09,0
2021-06-09,0
2021-06-09,339
2021-06-09,3678
2021-06-09,6493
2021-06-09,27
2021-06-10,10126
2021-06-10,0
2021-06-10,0
2021-06-10,0
2021-06-10,1584
2021-06-10,125
2021-06-10,0
2021-06-10,4925
2021-06-10,2197
2021-06-10,0
2021-06-10,0
2021-06-10,4823
2021-06-10,1358
2021-06-10,2609
2021-06-10,36
2021-06-10,0
2021-06-10,895
2021-06-10,5473
2021-06-10,4337
2021-06-10,1809
2021-06-10,4440
2021-06-11,6415
2021-06-11,0
2021-06-11,0
2021-06-11,0
2021-06-11,12
2021-06-11,0
2021-06-11,0
2021-06-11,0
2021-06-11,5918
2021-06-11,2703
2021-06-11,0
2021-06-11,3586
2021-06-11,580
2021-06-11,1552
2021-06-11,11398
2021-06-11,0
2021-06-11,7363
2021-06-11,1454
2021-06-11,2681
2021-06-11,0
2021-06-11,161
2021-06-12,15895
2021-06-12,0
2021-06-12,0
2021-06-12,0
2021-06-12,9411
2021-06-12,560
2021-06-12,0
2021-06-12,67
2021-06-12,7179
2021-06-12,0
2021-06-12,0
2021-06-12,1349
2021-06-12,1116
2021-06-12,339
2021-06-12,9
2021-06-12,4134
2021-06-12,1265
2021-06-12,5091
2021-06-12,3314
2021-06-12,0
2021-06-12,4257
2021-06-13,17876
2021-06-13,0
2021-06-13,0
2021-06-13,0
2021-06-13,4370
2021-06-13,0
2021-06-13,0
2021-06-13,219
2021-06-13,6071
2021-06-13,0
2021-06-13,0
2021-06-13,0
2021-06-13,79
2021-06-13,2527
2021-06-13,2674
2021-06-13,1602
2021-06-13,3263
2021-06-13,2804
2021-06-13,148
2021-06-13,0
2021-06-13,671
2021-06-14,0
2021-06-14,0
2021-06-14,0
2021-06-14,0
2021-06-14,0
2021-06-14,0
2021-06-14,0
2021-06-14,4265
2021-06-14,7243
2021-06-14,5653
2021-06-14,0
2021-06-14,7564
2021-06-14,81
2021-06-14,2479
2021-06-14,8617
2021-06-14,3668
2021-06-14,4144
2021-06-14,6352
2021-06-14,3215
2021-06-14,0
2021-06-14,1524
2021-06-15,11698
2021-06-15,0
2021-06-15,0
2021-06-15,0
2021-06-15,0
2021-06-15,0
2021-06-15,0
2021-06-15,13
2021-06-15,6797
2021-06-15,4586
2021-06-15,0
2021-06-15,5190
2021-06-15,2085
2021-06-15,32
2021-06-15,3501
2021-06-15,3768
2021-06-15,1559
2021-06-15,10521
2021-06-15,3266
2021-06-15,0
2021-06-15,4730
2021-06-16,9254
2021-06-16,0
2021-06-16,0
2021-06-16,0
2021-06-16,0
2021-06-16,0
2021-06-16,0
2021-06-16,4363
2021-06-16,7554
2021-06-16,0
2021-06-16,0
2021-06-16,7350
2021-06-16,6075
2021-06-16,0
2021-06-16,5870
2021-06-16,5698
2021-06-16,3624
2021-06-16,9161
2021-06-16,4937
2021-06-16,0
2021-06-16,232
2021-06-17,10399
2021-06-17,4247
2021-06-17,0
2021-06-17,0
2021-06-17,0
2021-06-17,0
2021-06-17,0
2021-06-17,3281
2021-06-17,5982
2021-06-17,0
2021-06-17,0
2021-06-17,4199
2021-06-17,448
2021-06-17,0
2021-06-17,81
2021-06-17,2619
2021-06-17,1524
2021-06-17,8338
2021-06-17,3569
2021-06-17,0
2021-06-17,4577
2021-06-18,16915
2021-06-18,0
2021-06-19,11001
2021-06-19,3531
2021-06-19,11001
2021-06-19,3531
2021-06-19,0
2021-06-19,0
2021-06-19,0
2021-06-19,0
2021-06-19,58
2021-06-19,0
2021-06-19,0
2021-06-19,0
2021-06-19,6301
2021-06-19,0
2021-06-19,0
2021-06-19,18
2021-06-19,2024
2021-06-19,1591
2021-06-19,4486
2021-06-19,110
2021-06-19,0
2021-06-19,8435
2021-06-19,11001
2021-06-19,3531
2021-06-19,0
2021-06-19,11001
2021-06-19,3531
2021-06-19,0
2021-06-19,0
2021-06-19,0
2021-06-19,0
2021-06-19,58
2021-06-19,0
2021-06-19,0
2021-06-19,0
2021-06-19,6301
2021-06-19,0
2021-06-19,0
2021-06-19,18
2021-06-19,2024
2021-06-19,1591
2021-06-19,4486
2021-06-19,110
2021-06-19,0
2021-06-19,8435
2021-06-19,11001
2021-06-19,3531
2021-06-19,0
2021-06-19,0
2021-06-19,0
2021-06-19,0
2021-06-19,0
2021-06-19,58
2021-06-19,0
2021-06-19,0
2021-06-19,0
2021-06-19,6301
2021-06-19,0
2021-06-19,0
2021-06-19,18
2021-06-19,2024
2021-06-19,1591
2021-06-19,4486
2021-06-19,110
2021-06-19,0
2021-06-19,8435
2021-06-19,11001
2021-06-19,3531
2021-06-19,0
2021-06-19,0
2021-06-19,0
2021-06-19,0
2021-06-19,0
2021-06-19,58
2021-06-19,9409
2021-06-19,0
2021-06-19,0
2021-06-19,6319
2021-06-19,0
2021-06-19,0
2021-06-19,18
2021-06-19,2024
2021-06-19,1591
2021-06-19,4486
2021-06-19,110
2021-06-19,0
2021-06-19,8435
2021-06-20,9236
2021-06-20,11070
2021-06-20,0
2021-06-20,0
2021-06-20,0
2021-06-20,0
2021-06-20,0
2021-06-20,105
2021-06-20,1309
2021-06-20,797
2021-06-20,0
2021-06-20,6726
2021-06-20,5598
2021-06-20,0
2021-06-20,8
2021-06-20,510
2021-06-20,2819
2021-06-20,7834
2021-06-20,3245
2021-06-20,0
2021-06-20,5946
2021-06-21,6469
2021-06-21,2823
2021-06-21,0
2021-06-21,0
2021-06-21,0
2021-06-21,0
2021-06-21,0
2021-06-21,137
2021-06-21,6238
2021-06-21,2709
2021-06-21,0
2021-06-21,756
2021-06-21,2170
2021-06-21,1350
2021-06-21,9436
2021-06-21,3623
2021-06-21,4423
2021-06-21,7374
2021-06-21,2933
2021-06-21,0
2021-06-21,209
2021-06-22,11511
2021-06-22,7
2021-06-22,0
2021-06-22,0
2021-06-22,0
2021-06-22,0
2021-06-22,0
2021-06-22,3997
2021-06-22,6112
2021-06-22,5061
2021-06-22,0
2021-06-22,0
2021-06-22,9858
2021-06-22,2303
2021-06-22,10007
2021-06-22,3630
2021-06-22,1329
2021-06-22,6631
2021-06-22,6428
2021-06-22,0
2021-06-22,213
2021-06-23,157
2021-06-23,0
2021-06-23,0
2021-06-23,0
2021-06-23,0
2021-06-23,0
2021-06-23,0
2021-06-23,3406
2021-06-23,5852
2021-06-23,0
2021-06-23,0
2021-06-23,7995
2021-06-23,6440
2021-06-23,1694
2021-06-23,66
2021-06-23,3751
2021-06-23,1952
2021-06-23,8258
2021-06-23,2436
2021-06-23,0
2021-06-23,4672
